E:\DESKTOP\NVM\NVMPP\DEBUG\MAIN.OBJ
E:\DESKTOP\NVM\NVMPP\DEBUG\VC110.PDB
E:\DESKTOP\NVM\DEBUG\NVMPP.ILK
E:\DESKTOP\NVM\DEBUG\NVMPP.EXE
E:\DESKTOP\NVM\DEBUG\NVMPP.PDB
E:\Desktop\nvm\nvmpp\Debug\main.obj
E:\Desktop\nvm\nvmpp\Debug\cl.command.1.tlog
E:\Desktop\nvm\nvmpp\Debug\CL.read.1.tlog
E:\Desktop\nvm\nvmpp\Debug\CL.write.1.tlog
E:\Desktop\nvm\nvmpp\Debug\link-cvtres.read.1.tlog
E:\Desktop\nvm\nvmpp\Debug\link-cvtres.write.1.tlog
E:\Desktop\nvm\nvmpp\Debug\link-rc.read.1.tlog
E:\Desktop\nvm\nvmpp\Debug\link-rc.write.1.tlog
E:\Desktop\nvm\nvmpp\Debug\link.command.1.tlog
E:\Desktop\nvm\nvmpp\Debug\link.read.1.tlog
E:\Desktop\nvm\nvmpp\Debug\link.write.1.tlog
E:\Desktop\nvm\nvmpp\Debug\vc110.idb
E:\Desktop\nvm\nvmpp\Debug\vc110.pdb
E:\Desktop\nvm\Debug\nvmpp.pdb
E:\Desktop\nvm\Debug\nvmpp.exe
E:\Desktop\nvm\Debug\nvmpp.ilk
